[2020-07-27T22:56:32.970] [DEBUG] cheese - login => username:123456,password:123456
[2020-07-27T22:56:32.973] [DEBUG] cheese - 123456
[2020-07-27T22:56:32.986] [DEBUG] cheese - { inspect: [Function: inspect] }
[2020-07-27T22:56:32.989] [DEBUG] cheese - 查询失败
[2020-07-27T22:56:41.615] [DEBUG] cheese - login => username:admin,password:123456
[2020-07-27T22:56:41.615] [DEBUG] cheese - admin
[2020-07-27T22:56:41.619] [DEBUG] cheese - { inspect: [Function: inspect] }
[2020-07-27T22:56:41.620] [DEBUG] cheese - 查询失败
[2020-07-27T23:08:31.228] [DEBUG] cheese - login => username:admin,password:123456
[2020-07-27T23:08:31.228] [DEBUG] cheese - admin
[2020-07-27T23:08:31.234] [DEBUG] cheese - null
[2020-07-27T23:08:31.234] [DEBUG] cheese - null
[2020-07-28T11:19:59.123] [DEBUG] cheese - login => username:123456,password:123456
[2020-07-28T11:19:59.124] [DEBUG] cheese - 123456
[2020-07-28T11:19:59.136] [DEBUG] cheese - null
[2020-07-28T11:19:59.137] [DEBUG] cheese - null
[2020-07-28T11:20:00.306] [DEBUG] cheese - login => username:123456,password:123456
[2020-07-28T11:20:00.306] [DEBUG] cheese - 123456
[2020-07-28T11:20:00.309] [DEBUG] cheese - null
[2020-07-28T11:20:00.309] [DEBUG] cheese - null
[2020-07-28T11:21:52.868] [DEBUG] cheese - login => username:123456,password:123456
[2020-07-28T11:21:52.868] [DEBUG] cheese - 123456
[2020-07-28T11:21:52.872] [DEBUG] cheese - null
[2020-07-28T11:21:52.872] [DEBUG] cheese - null
[2020-07-28T11:22:14.139] [DEBUG] cheese - login => username:123456,password:123456
[2020-07-28T11:22:14.139] [DEBUG] cheese - 123456
[2020-07-28T11:22:14.142] [DEBUG] cheese - null
[2020-07-28T11:22:14.142] [DEBUG] cheese - null
[2020-07-28T11:22:30.711] [DEBUG] cheese - login => username:admin,password:123456
[2020-07-28T11:22:30.711] [DEBUG] cheese - admin
[2020-07-28T11:22:30.715] [DEBUG] cheese - null
[2020-07-28T11:22:30.716] [DEBUG] cheese - null
[2020-07-28T11:23:03.606] [DEBUG] cheese - login => username:123456,password:123456
[2020-07-28T11:23:03.606] [DEBUG] cheese - 123456
[2020-07-28T11:23:03.608] [DEBUG] cheese - null
[2020-07-28T11:23:03.609] [DEBUG] cheese - null
[2020-07-28T11:23:32.111] [DEBUG] cheese - login => username:admin,password:123456
[2020-07-28T11:23:32.111] [DEBUG] cheese - admin
[2020-07-28T11:23:32.114] [DEBUG] cheese - null
[2020-07-28T11:23:32.114] [DEBUG] cheese - null
[2020-07-28T11:24:14.573] [DEBUG] cheese - login => username:123456,password:123456
[2020-07-28T11:24:14.573] [DEBUG] cheese - 123456
[2020-07-28T11:24:14.575] [DEBUG] cheese - null
[2020-07-28T11:24:14.576] [DEBUG] cheese - null
[2020-07-28T11:24:35.699] [DEBUG] cheese - login => username:admin,password:123456
[2020-07-28T11:24:35.700] [DEBUG] cheese - admin
[2020-07-28T11:24:35.703] [DEBUG] cheese - null
[2020-07-28T11:24:35.703] [DEBUG] cheese - null
[2020-07-28T11:26:21.030] [DEBUG] cheese - login => username:admin,password:123456
[2020-07-28T11:26:21.030] [DEBUG] cheese - admin
[2020-07-28T11:26:21.033] [DEBUG] cheese - null
[2020-07-28T11:26:21.033] [DEBUG] cheese - null
[2020-07-28T11:27:02.156] [DEBUG] cheese - login => username:admin,password:123456
[2020-07-28T11:27:02.156] [DEBUG] cheese - admin
[2020-07-28T11:27:02.161] [DEBUG] cheese - null
[2020-07-28T11:27:02.161] [DEBUG] cheese - null
[2020-07-28T11:28:09.451] [DEBUG] cheese - login => username:admin,password:123456
[2020-07-28T11:28:09.451] [DEBUG] cheese - admin
[2020-07-28T11:28:09.453] [DEBUG] cheese - null
[2020-07-28T11:28:09.453] [DEBUG] cheese - null
[2020-07-28T11:29:30.235] [DEBUG] cheese - login => username:123456,password:123456
[2020-07-28T11:29:30.235] [DEBUG] cheese - 123456
[2020-07-28T11:29:30.237] [DEBUG] cheese - null
[2020-07-28T11:29:30.238] [DEBUG] cheese - null
[2020-07-28T11:30:48.683] [DEBUG] cheese - login => username:123456,password:123456
[2020-07-28T11:30:48.683] [DEBUG] cheese - 123456
[2020-07-28T11:30:48.686] [DEBUG] cheese - null
[2020-07-28T11:30:48.686] [DEBUG] cheese - null
[2020-07-28T11:41:47.105] [DEBUG] cheese - login => username:admin,password:123456
[2020-07-28T11:41:47.105] [DEBUG] cheese - admin
[2020-07-28T11:41:47.111] [DEBUG] cheese - null
[2020-07-28T11:41:47.112] [DEBUG] cheese - null
[2020-07-28T12:15:52.985] [DEBUG] cheese - login => username:admin,password:123456
[2020-07-28T12:15:52.985] [DEBUG] cheese - admin
[2020-07-28T12:15:52.987] [DEBUG] cheese - null
[2020-07-28T12:15:52.988] [DEBUG] cheese - null
[2020-07-28T19:02:21.695] [DEBUG] cheese - login => username:admin,password:123456
[2020-07-28T19:02:21.696] [DEBUG] cheese - admin
[2020-07-28T19:02:21.704] [DEBUG] cheese - null
[2020-07-28T19:02:21.705] [DEBUG] cheese - null
[2020-07-28T20:28:36.531] [DEBUG] cheese - login => username:admin,password:123456
[2020-07-28T20:28:36.532] [DEBUG] cheese - admin
[2020-07-28T20:28:36.544] [DEBUG] cheese - null
[2020-07-28T20:28:36.544] [DEBUG] cheese - null
[2020-07-31T18:09:41.541] [DEBUG] cheese - login => username:admin,password:123456
[2020-07-31T18:09:41.542] [DEBUG] cheese - admin
[2020-07-31T18:09:41.556] [DEBUG] cheese - null
[2020-07-31T18:09:41.558] [DEBUG] cheese - null
[2020-07-31T18:22:23.457] [DEBUG] cheese - login => username:admin,password:123456
[2020-07-31T18:22:23.458] [DEBUG] cheese - admin
[2020-07-31T18:22:23.463] [DEBUG] cheese - null
[2020-07-31T18:22:23.464] [DEBUG] cheese - null
[2020-07-31T18:23:06.605] [DEBUG] cheese - login => username:admin,password:123456
[2020-07-31T18:23:06.606] [DEBUG] cheese - admin
[2020-07-31T18:23:06.609] [DEBUG] cheese - null
[2020-07-31T18:23:06.609] [DEBUG] cheese - null
[2020-07-31T18:35:04.585] [DEBUG] cheese - login => username:admin,password:123456
[2020-07-31T18:35:04.585] [DEBUG] cheese - admin
[2020-07-31T18:35:04.588] [DEBUG] cheese - null
[2020-07-31T18:35:04.588] [DEBUG] cheese - null
[2020-07-31T18:35:08.277] [DEBUG] cheese - login => username:admin,password:123456
[2020-07-31T18:35:08.278] [DEBUG] cheese - admin
[2020-07-31T18:35:08.280] [DEBUG] cheese - null
[2020-07-31T18:35:08.280] [DEBUG] cheese - null
[2020-07-31T18:35:19.887] [DEBUG] cheese - login => username:admin,password:123456
[2020-07-31T18:35:19.887] [DEBUG] cheese - admin
[2020-07-31T18:35:19.889] [DEBUG] cheese - null
[2020-07-31T18:35:19.889] [DEBUG] cheese - null
[2020-07-31T18:35:59.572] [DEBUG] cheese - login => username:admin,password:123456
[2020-07-31T18:35:59.572] [DEBUG] cheese - admin
[2020-07-31T18:35:59.574] [DEBUG] cheese - null
[2020-07-31T18:35:59.574] [DEBUG] cheese - null
[2020-08-02T19:25:22.414] [DEBUG] cheese - login => username:admin,password:123456
[2020-08-02T19:25:22.416] [DEBUG] cheese - admin
[2020-08-02T19:25:22.432] [DEBUG] cheese - null
[2020-08-02T19:25:22.433] [DEBUG] cheese - null
[2020-08-03T13:58:03.297] [DEBUG] cheese - login => username:admin,password:123456
[2020-08-03T13:58:03.299] [DEBUG] cheese - admin
[2020-08-03T13:58:03.314] [DEBUG] cheese - null
[2020-08-03T13:58:03.314] [DEBUG] cheese - null
[2020-08-03T13:58:26.013] [DEBUG] cheese - login => username:admin,password:123456
[2020-08-03T13:58:26.013] [DEBUG] cheese - admin
[2020-08-03T13:58:26.015] [DEBUG] cheese - null
[2020-08-03T13:58:26.015] [DEBUG] cheese - null
[2020-08-03T13:59:11.716] [DEBUG] cheese - login => username:admin,password:123456
[2020-08-03T13:59:11.717] [DEBUG] cheese - admin
[2020-08-03T13:59:11.719] [DEBUG] cheese - null
[2020-08-03T13:59:11.719] [DEBUG] cheese - null
[2020-08-03T14:00:51.156] [DEBUG] cheese - login => username:admin,password:123456
[2020-08-03T14:00:51.156] [DEBUG] cheese - admin
[2020-08-03T14:00:51.158] [DEBUG] cheese - null
[2020-08-03T14:00:51.158] [DEBUG] cheese - null
[2020-08-03T18:18:34.286] [DEBUG] cheese - login => username:admin,password:123456
[2020-08-03T18:18:34.287] [DEBUG] cheese - admin
[2020-08-03T18:18:34.291] [DEBUG] cheese - null
[2020-08-03T18:18:34.292] [DEBUG] cheese - null
[2020-08-03T19:48:42.364] [DEBUG] cheese - null
[2020-08-03T19:50:31.809] [DEBUG] cheese - null
[2020-08-03T19:51:07.507] [DEBUG] cheese - null
[2020-08-03T19:51:09.849] [DEBUG] cheese - null
[2020-08-03T19:51:12.330] [DEBUG] cheese - null
[2020-08-03T19:51:13.974] [DEBUG] cheese - null
[2020-08-03T19:54:22.651] [DEBUG] cheese - null
[2020-08-03T19:54:32.724] [DEBUG] cheese - null
[2020-08-03T21:14:49.574] [DEBUG] cheese - null
[2020-08-03T21:15:11.647] [DEBUG] cheese - null
[2020-08-05T13:00:08.095] [DEBUG] cheese - login => username:admin,password:123456
[2020-08-05T13:00:08.097] [DEBUG] cheese - admin
[2020-08-05T13:00:08.197] [DEBUG] cheese - null
[2020-08-05T13:00:08.198] [DEBUG] cheese - null
[2020-08-05T13:00:19.775] [DEBUG] cheese - login => username:admin,password:123456
[2020-08-05T13:00:19.775] [DEBUG] cheese - admin
[2020-08-05T13:00:19.779] [DEBUG] cheese - null
[2020-08-05T13:00:19.780] [DEBUG] cheese - null
[2020-08-05T13:38:01.506] [DEBUG] cheese - login => username:admin,password:123456
[2020-08-05T13:38:01.507] [DEBUG] cheese - admin
[2020-08-05T13:38:01.512] [DEBUG] cheese - null
[2020-08-05T13:38:01.512] [DEBUG] cheese - null
[2020-08-05T15:04:29.569] [DEBUG] cheese - login => username:admin,password:123456
[2020-08-05T15:04:29.571] [DEBUG] cheese - admin
[2020-08-05T15:04:29.575] [DEBUG] cheese - null
[2020-08-05T15:04:29.576] [DEBUG] cheese - null
[2020-08-06T11:17:56.932] [DEBUG] cheese - login => username:admin,password:123456
[2020-08-06T11:17:56.933] [DEBUG] cheese - admin
[2020-08-06T11:17:56.946] [DEBUG] cheese - null
[2020-08-06T11:17:56.947] [DEBUG] cheese - null
[2020-08-06T11:18:20.622] [DEBUG] cheese - login => username:admin,password:123456
[2020-08-06T11:18:20.622] [DEBUG] cheese - admin
[2020-08-06T11:18:20.625] [DEBUG] cheese - null
[2020-08-06T11:18:20.625] [DEBUG] cheese - null
[2020-08-06T23:14:01.009] [DEBUG] cheese - login => username:admin,password:123456
[2020-08-06T23:14:01.010] [DEBUG] cheese - admin
[2020-08-06T23:14:01.025] [DEBUG] cheese - null
[2020-08-06T23:14:01.026] [DEBUG] cheese - null
[2020-08-07T10:34:46.970] [DEBUG] cheese - login => username:admin,password:123456
[2020-08-07T10:34:46.971] [DEBUG] cheese - admin
[2020-08-07T10:34:46.988] [DEBUG] cheese - null
[2020-08-07T10:34:46.989] [DEBUG] cheese - null
[2020-08-07T10:36:38.717] [DEBUG] cheese - login => username:admin,password:123456
[2020-08-07T10:36:38.718] [DEBUG] cheese - admin
[2020-08-07T10:36:38.720] [DEBUG] cheese - null
[2020-08-07T10:36:38.720] [DEBUG] cheese - null
[2020-08-07T10:37:08.936] [DEBUG] cheese - login => username:admin,password:123456
[2020-08-07T10:37:08.936] [DEBUG] cheese - admin
[2020-08-07T10:37:08.938] [DEBUG] cheese - null
[2020-08-07T10:37:08.938] [DEBUG] cheese - null
[2020-08-07T10:43:00.968] [DEBUG] cheese - login => username:admin,password:123456
[2020-08-07T10:43:00.970] [DEBUG] cheese - admin
[2020-08-07T10:43:00.973] [DEBUG] cheese - null
[2020-08-07T10:43:00.974] [DEBUG] cheese - null
[2020-08-07T12:17:03.762] [DEBUG] cheese - login => username:admin,password:123456
[2020-08-07T12:17:03.763] [DEBUG] cheese - admin
[2020-08-07T12:17:03.768] [DEBUG] cheese - null
[2020-08-07T12:17:03.769] [DEBUG] cheese - null
[2020-08-10T15:09:02.440] [DEBUG] cheese - login => username:admin,password:123456
[2020-08-10T15:09:02.443] [DEBUG] cheese - admin
[2020-08-10T15:09:02.522] [DEBUG] cheese - null
[2020-08-10T15:09:02.523] [DEBUG] cheese - null
[2020-08-10T15:15:39.037] [DEBUG] cheese - login => username:admin,password:123456
[2020-08-10T15:15:39.037] [DEBUG] cheese - admin
[2020-08-10T15:15:39.039] [DEBUG] cheese - null
[2020-08-10T15:15:39.039] [DEBUG] cheese - null
[2020-08-10T18:34:14.733] [DEBUG] cheese - login => username:admin,password:123456
[2020-08-10T18:34:14.734] [DEBUG] cheese - admin
[2020-08-10T18:34:14.745] [DEBUG] cheese - null
[2020-08-10T18:34:14.746] [DEBUG] cheese - null
[2020-08-10T19:04:59.088] [DEBUG] cheese - login => username:admin,password:123456
[2020-08-10T19:04:59.091] [DEBUG] cheese - admin
[2020-08-10T19:04:59.100] [DEBUG] cheese - null
[2020-08-10T19:04:59.100] [DEBUG] cheese - null
[2020-08-10T19:38:18.935] [DEBUG] cheese - null
[2020-08-11T17:02:47.193] [DEBUG] cheese - login => username:admin,password:123456
[2020-08-11T17:02:47.194] [DEBUG] cheese - admin
[2020-08-11T17:02:47.208] [DEBUG] cheese - null
[2020-08-11T17:02:47.209] [DEBUG] cheese - null
[2020-08-11T18:23:00.625] [DEBUG] cheese - login => username:admin,password:123456
[2020-08-11T18:23:00.626] [DEBUG] cheese - admin
[2020-08-11T18:23:00.631] [DEBUG] cheese - null
[2020-08-11T18:23:00.631] [DEBUG] cheese - null
[2020-08-11T18:56:38.333] [DEBUG] cheese - login => username:admin,password:123456
[2020-08-11T18:56:38.334] [DEBUG] cheese - admin
[2020-08-11T18:56:38.345] [DEBUG] cheese - null
[2020-08-11T18:56:38.345] [DEBUG] cheese - null
[2020-08-11T19:43:45.989] [DEBUG] cheese - login => username:admin,password:123456
[2020-08-11T19:43:45.993] [DEBUG] cheese - admin
[2020-08-11T19:43:46.004] [DEBUG] cheese - null
[2020-08-11T19:43:46.004] [DEBUG] cheese - null
[2020-08-11T19:50:53.569] [DEBUG] cheese - login => username:admin,password:123456
[2020-08-11T19:50:53.570] [DEBUG] cheese - admin
[2020-08-11T19:50:53.572] [DEBUG] cheese - null
[2020-08-11T19:50:53.572] [DEBUG] cheese - null
[2020-08-11T20:19:22.528] [DEBUG] cheese - login => username:admin,password:123456
[2020-08-11T20:19:22.529] [DEBUG] cheese - admin
[2020-08-11T20:19:22.540] [DEBUG] cheese - null
[2020-08-11T20:19:22.540] [DEBUG] cheese - null
[2020-08-11T20:56:20.441] [DEBUG] cheese - login => username:admin,password:123456
[2020-08-11T20:56:20.445] [DEBUG] cheese - admin
[2020-08-11T20:56:20.455] [DEBUG] cheese - null
[2020-08-11T20:56:20.455] [DEBUG] cheese - null
[2020-08-11T21:27:11.822] [DEBUG] cheese - login => username:admin,password:123456
[2020-08-11T21:27:11.823] [DEBUG] cheese - admin
[2020-08-11T21:27:11.833] [DEBUG] cheese - null
[2020-08-11T21:27:11.833] [DEBUG] cheese - null
